# JRE version: Java(TM) SE Runtime Environment (8.0_131-b11) (build 1.8.0_131-b11)
# Java VM: Java HotSpot(TM) 64-Bit Server VM (25.131-b11 mixed mode windows-amd64 compressed oops)
Heap:
 PSYoungGen      total 28672K, used 26234K [0x00000000e0780000, 0x00000000e2780000, 0x0000000100000000)
  eden space 24576K, 90% used [0x00000000e0780000,0x00000000e1d1f208,0x00000000e1f80000)
  from space 4096K, 99% used [0x00000000e1f80000,0x00000000e237f708,0x00000000e2380000)
  to   space 4096K, 0% used [0x00000000e2380000,0x00000000e2380000,0x00000000e2780000)
 ParOldGen       total 65536K, used 1291K [0x00000000a1600000, 0x00000000a5600000, 0x00000000e0780000)
  object space 65536K, 1% used [0x00000000a1600000,0x00000000a1742d20,0x00000000a5600000)
 Metaspace       used 14998K, capacity 15302K, committed 15488K, reserved 1062912K
  class space    used 2094K, capacity 2165K, committed 2176K, reserved 1048576K
GC Heap History (6 events):
Event: 9.207 GC heap before
{Heap before GC invocations=1 (full 0):
 PSYoungGen      total 28672K, used 24496K [0x00000000e0780000, 0x00000000e2780000, 0x0000000100000000)
  eden space 24576K, 99% used [0x00000000e0780000,0x00000000e1f6c230,0x00000000e1f80000)
  from space 4096K, 0% used [0x00000000e2380000,0x00000000e2380000,0x00000000e2780000)
  to   space 4096K, 0% used [0x00000000e1f80000,0x00000000e1f80000,0x00000000e2380000)
 ParOldGen       total 65536K, used 0K [0x00000000a1600000, 0x00000000a5600000, 0x00000000e0780000)
  object space 65536K, 0% used [0x00000000a1600000,0x00000000a1600000,0x00000000a5600000)
 Metaspace       used 3754K, capacity 4732K, committed 4864K, reserved 1056768K
  class space    used 400K, capacity 428K, committed 512K, reserved 1048576K
Event: 9.208 GC heap after
Heap after GC invocations=1 (full 0):
 PSYoungGen      total 28672K, used 1561K [0x00000000e0780000, 0x00000000e2780000, 0x0000000100000000)
  eden space 24576K, 0% used [0x00000000e0780000,0x00000000e0780000,0x00000000e1f80000)
  from space 4096K, 38% used [0x00000000e1f80000,0x00000000e2106760,0x00000000e2380000)
  to   space 4096K, 0% used [0x00000000e2380000,0x00000000e2380000,0x00000000e2780000)
 ParOldGen       total 65536K, used 8K [0x00000000a1600000, 0x00000000a5600000, 0x00000000e0780000)
  object space 65536K, 0% used [0x00000000a1600000,0x00000000a1602000,0x00000000a5600000)
 Metaspace       used 3754K, capacity 4732K, committed 4864K, reserved 1056768K
  class space    used 400K, capacity 428K, committed 512K, reserved 1048576K
}
Event: 15.888 GC heap before
{Heap before GC invocations=2 (full 0):
 PSYoungGen      total 28672K, used 26137K [0x00000000e0780000, 0x00000000e2780000, 0x0000000100000000)
  eden space 24576K, 100% used [0x00000000e0780000,0x00000000e1f80000,0x00000000e1f80000)
  from space 4096K, 38% used [0x00000000e1f80000,0x00000000e2106760,0x00000000e2380000)
  to   space 4096K, 0% used [0x00000000e2380000,0x00000000e2380000,0x00000000e2780000)
 ParOldGen       total 65536K, used 8K [0x00000000a1600000, 0x00000000a5600000, 0x00000000e0780000)
  object space 65536K, 0% used [0x00000000a1600000,0x00000000a1602000,0x00000000a5600000)
 Metaspace       used 10177K, capacity 10348K, committed 10624K, reserved 1058816K
  class space    used 1276K, capacity 1308K, committed 1408K, reserved 1048576K
Event: 15.893 GC heap after
Heap after GC invocations=2 (full 0):
 PSYoungGen      total 28672K, used 3866K [0x00000000e0780000, 0x00000000e2780000, 0x0000000100000000)
  eden space 24576K, 0% used [0x00000000e0780000,0x00000000e0780000,0x00000000e1f80000)
  from space 4096K, 94% used [0x00000000e2380000,0x00000000e27469a0,0x00000000e2780000)
  to   space 4096K, 0% used [0x00000000e1f80000,0x00000000e1f80000,0x00000000e2380000)
 ParOldGen       total 65536K, used 80K [0x00000000a1600000, 0x00000000a5600000, 0x00000000e0780000)
  object space 65536K, 0% used [0x00000000a1600000,0x00000000a1614010,0x00000000a5600000)
 Metaspace       used 10177K, capacity 10348K, committed 10624K, reserved 1058816K
  class space    used 1276K, capacity 1308K, committed 1408K, reserved 1048576K
}
Event: 18.974 GC heap before
{Heap before GC invocations=3 (full 0):
 PSYoungGen      total 28672K, used 28442K [0x00000000e0780000, 0x00000000e2780000, 0x0000000100000000)
  eden space 24576K, 100% used [0x00000000e0780000,0x00000000e1f80000,0x00000000e1f80000)
  from space 4096K, 94% used [0x00000000e2380000,0x00000000e27469a0,0x00000000e2780000)
  to   space 4096K, 0% used [0x00000000e1f80000,0x00000000e1f80000,0x00000000e2380000)
 ParOldGen       total 65536K, used 80K [0x00000000a1600000, 0x00000000a5600000, 0x00000000e0780000)
  object space 65536K, 0% used [0x00000000a1600000,0x00000000a1614010,0x00000000a5600000)
 Metaspace       used 13556K, capacity 13798K, committed 14080K, reserved 1060864K
  class space    used 1673K, capacity 1739K, committed 1792K, reserved 1048576K
Event: 18.981 GC heap after
Heap after GC invocations=3 (full 0):
 PSYoungGen      total 28672K, used 4093K [0x00000000e0780000, 0x00000000e2780000, 0x0000000100000000)
  eden space 24576K, 0% used [0x00000000e0780000,0x00000000e0780000,0x00000000e1f80000)
  from space 4096K, 99% used [0x00000000e1f80000,0x00000000e237f708,0x00000000e2380000)
  to   space 4096K, 0% used [0x00000000e2380000,0x00000000e2380000,0x00000000e2780000)
 ParOldGen       total 65536K, used 1291K [0x00000000a1600000, 0x00000000a5600000, 0x00000000e0780000)
  object space 65536K, 1% used [0x00000000a1600000,0x00000000a1742d20,0x00000000a5600000)
 Metaspace       used 13556K, capacity 13798K, committed 14080K, reserved 1060864K
  class space    used 1673K, capacity 1739K, committed 1792K, reserved 1048576K
}

